<?xml version="1.0" encoding="UTF-8"?>
<!-- Generated by org.testng.reporters.JUnitXMLReporter -->
<testsuite hostname="GS-5241" ignored="4" name="Default test" tests="1" failures="0" timestamp="21 Jun 2020 13:26:43 GMT" time="5.614" errors="0">
  <testcase name="validatepathparam" time="5.537" classname="LoginAPI.VerifyLogin"/>
  <testcase name="verifyStatusCodePOST" time="0.0" classname="LoginAPI.VerifyLogin">
    <ignored/>
  </testcase> <!-- verifyStatusCodePOST -->
  <testcase name="verifyStatusCodeInvalidGET" time="0.0" classname="LoginAPI.VerifyLogin">
    <ignored/>
  </testcase> <!-- verifyStatusCodeInvalidGET -->
  <testcase name="verifyStatusCodeGET" time="0.0" classname="LoginAPI.VerifyLogin">
    <ignored/>
  </testcase> <!-- verifyStatusCodeGET -->
  <testcase name="verifyDELETE" time="0.0" classname="LoginAPI.VerifyLogin">
    <ignored/>
  </testcase> <!-- verifyDELETE -->
</testsuite> <!-- Default test -->
