<?xml version="1.0" encoding="UTF-8"?>
<testng-results skipped="0" failed="0" ignored="4" total="5" passed="1">
  <reporter-output>
  </reporter-output>
  <suite name="Default suite" duration-ms="5614" started-at="2020-06-21T13:26:38Z" finished-at="2020-06-21T13:26:43Z">
    <groups>
    </groups>
    <test name="Default test" duration-ms="5614" started-at="2020-06-21T13:26:38Z" finished-at="2020-06-21T13:26:43Z">
      <class name="LoginAPI.VerifyLogin">
        <test-method status="PASS" signature="validatepathparam()[pri:0, instance:LoginAPI.VerifyLogin@5e5792a0]" name="validatepathparam" duration-ms="5537" started-at="2020-06-21T18:56:38Z" finished-at="2020-06-21T18:56:43Z">
          <reporter-output>
          </reporter-output>
        </test-method> <!-- validatepathparam -->
      </class> <!-- LoginAPI.VerifyLogin -->
    </test> <!-- Default test -->
  </suite> <!-- Default suite -->
</testng-results>
